./java/time/ZoneRegion(90)                                      |  final class ZoneRegion extends ZoneId implements Serializable {
./java/time/YearMonth(131)                                      |  public final class YearMonth
./java/time/Duration(133)                                       |  public final class Duration
./java/time/Month(106)                                          |  public enum Month implements TemporalAccessor, TemporalAdjuster {
./java/time/DayOfWeek(109)                                      |  public enum DayOfWeek implements TemporalAccessor, TemporalAdjuster {
./java/time/DateTimeException(75)                               |  public class DateTimeException extends RuntimeException {
./java/time/chrono/IsoEra(105)                                  |  public enum IsoEra implements Era {
./java/time/chrono/Chronology(157)                              |  public interface Chronology extends Comparable<Chronology> {
./java/time/chrono/IsoChronology(123)                           |  public final class IsoChronology extends AbstractChronology implements Serializable {
./java/time/chrono/AbstractChronology(127)                      |  public abstract class AbstractChronology implements Chronology {
./java/time/chrono/ChronoPeriodImpl(96)                         |  final class ChronoPeriodImpl
./java/time/chrono/Era(104)                                     |  public interface Era extends TemporalAccessor, TemporalAdjuster {
./java/time/chrono/ThaiBuddhistChronology(109)                  |  public final class ThaiBuddhistChronology extends AbstractChronology implements Serializable {
./java/time/chrono/ChronoLocalDateTime(120)                     |  public interface ChronoLocalDateTime<D extends ChronoLocalDate>
./java/time/chrono/ChronoZonedDateTime(121)                     |  public interface ChronoZonedDateTime<D extends ChronoLocalDate>
./java/time/chrono/ChronoLocalDateImpl(143)                     |  abstract class ChronoLocalDateImpl<D extends ChronoLocalDate>
./java/time/chrono/JapaneseEra(98)                              |  public final class JapaneseEra
./java/time/chrono/JapaneseDate(126)                            |  public final class JapaneseDate
./java/time/chrono/ChronoLocalDate(247)                         |  public interface ChronoLocalDate
./java/time/chrono/ChronoPeriod(94)                             |  public interface ChronoPeriod
./java/time/chrono/ChronoZonedDateTimeImpl(104)                 |  final class ChronoZonedDateTimeImpl<D extends ChronoLocalDate>
./java/time/chrono/MinguoDate(106)                              |  public final class MinguoDate
./java/time/chrono/Ser(92)                                      |  final class Ser implements Externalizable {
./java/time/chrono/HijrahEra(86)                                |  public enum HijrahEra implements Era {
./java/time/chrono/MinguoEra(107)                               |  public enum MinguoEra implements Era {
./java/time/chrono/HijrahChronology(217)                        |  public final class HijrahChronology extends AbstractChronology implements Serializable {
./java/time/chrono/HijrahDate(119)                              |  public final class HijrahDate
./java/time/chrono/JapaneseChronology(123)                      |  public final class JapaneseChronology extends AbstractChronology implements Serializable {
./java/time/chrono/ThaiBuddhistDate(106)                        |  public final class ThaiBuddhistDate
./java/time/chrono/ChronoLocalDateTimeImpl(100)                 |  final class ChronoLocalDateTimeImpl<D extends ChronoLocalDate>
./java/time/chrono/ThaiBuddhistEra(107)                         |  public enum ThaiBuddhistEra implements Era {
./java/time/chrono/MinguoChronology(108)                        |  public final class MinguoChronology extends AbstractChronology implements Serializable {
./java/time/Period(135)                                         |  public final class Period
./java/time/format/DateTimePrintContext(96)                     |  final class DateTimePrintContext {
./java/time/format/ResolverStyle(77)                            |  public enum ResolverStyle {
./java/time/format/DateTimeParseContext(90)                     |  final class DateTimeParseContext {
./java/time/format/DateTimeFormatterBuilder(153)                |  public final class DateTimeFormatterBuilder {
./java/time/format/DecimalStyle(85)                             |  public final class DecimalStyle {
./java/time/format/DateTimeParseException(76)                   |  public class DateTimeParseException extends DateTimeException {
./java/time/format/DateTimeFormatter(484)                       |  public final class DateTimeFormatter {
./java/time/format/FormatStyle(75)                              |  public enum FormatStyle {
./java/time/format/SignStyle(76)                                |  public enum SignStyle {
./java/time/format/Parsed(119)                                  |  final class Parsed implements TemporalAccessor {
./java/time/format/DateTimeTextProvider(103)                    |  class DateTimeTextProvider {
./java/time/zone/TzdbZoneRulesProvider(86)                      |  final class TzdbZoneRulesProvider extends ZoneRulesProvider {
./java/time/zone/ZoneRulesProvider(129)                         |  public abstract class ZoneRulesProvider {
./java/time/zone/ZoneRulesException(72)                         |  public class ZoneRulesException extends DateTimeException {
./java/time/zone/ZoneOffsetTransition(99)                       |  public final class ZoneOffsetTransition
./java/time/zone/Ser(83)                                        |  final class Ser implements Externalizable {
./java/time/zone/ZoneRules(110)                                 |  public final class ZoneRules implements Serializable {
./java/time/zone/ZoneOffsetTransitionRule(100)                  |  public final class ZoneOffsetTransitionRule implements Serializable {
./java/time/Clock(134)                                          |  public abstract class Clock {
./java/time/LocalDate(137)                                      |  public final class LocalDate
./java/time/LocalTime(125)                                      |  public final class LocalTime
./java/time/ZoneId(177)                                         |  public abstract class ZoneId implements Serializable {
./java/time/temporal/TemporalAccessor(103)                      |  public interface TemporalAccessor {
./java/time/temporal/TemporalAmount(99)                         |  public interface TemporalAmount {
./java/time/temporal/IsoFields(156)                             |  public final class IsoFields {
./java/time/temporal/ValueRange(90)                             |  public final class ValueRange implements Serializable {
./java/time/temporal/TemporalQueries(118)                       |  public final class TemporalQueries {
./java/time/temporal/TemporalField(94)                          |  public interface TemporalField {
./java/time/temporal/TemporalQuery(103)                         |  public interface TemporalQuery<R> {
./java/time/temporal/ChronoField(101)                           |  public enum ChronoField implements TemporalField {
./java/time/temporal/JulianFields(90)                           |  public final class JulianFields {
./java/time/temporal/TemporalAdjusters(113)                     |  public final class TemporalAdjusters {
./java/time/temporal/WeekFields(179)                            |  public final class WeekFields implements Serializable {
./java/time/temporal/Temporal(129)                              |  public interface Temporal extends TemporalAccessor {
./java/time/temporal/TemporalUnit(97)                           |  public interface TemporalUnit {
./java/time/temporal/ChronoUnit(77)                             |  public enum ChronoUnit implements TemporalUnit {
./java/time/temporal/TemporalAdjuster(106)                      |  public interface TemporalAdjuster {
./java/time/temporal/UnsupportedTemporalTypeException(75)       |  public class UnsupportedTemporalTypeException extends DateTimeException {
./java/time/Instant(212)                                        |  public final class Instant
./java/time/OffsetTime(118)                                     |  public final class OffsetTime
./java/time/Ser(89)                                             |  final class Ser implements Externalizable {
./java/time/OffsetDateTime(128)                                 |  public final class OffsetDateTime
./java/time/ZonedDateTime(163)                                  |  public final class ZonedDateTime
./java/time/MonthDay(127)                                       |  public final class MonthDay
./java/time/ZoneOffset(130)                                     |  public final class ZoneOffset
./java/time/LocalDateTime(135)                                  |  public final class LocalDateTime
./java/time/Year(135)                                           |  public final class Year
