./java/sql/PreparedStatement(1263)                              |  default void setObject(int parameterIndex, Object x, SQLType targetSqlType,
./java/sql/PreparedStatement(1289)                              |  default void setObject(int parameterIndex, Object x, SQLType targetSqlType)
./java/sql/PreparedStatement(1317)                              |  default long executeLargeUpdate() throws SQLException {
./java/sql/SQLType(33)                                          |  public interface SQLType {
./java/sql/CallableStatement(2545)                              |  default void setObject(String parameterName, Object x, SQLType targetSqlType,
./java/sql/CallableStatement(2570)                              |  default void setObject(String parameterName, Object x, SQLType targetSqlType)
./java/sql/CallableStatement(2611)                              |  default void registerOutParameter(int parameterIndex, SQLType sqlType)
./java/sql/CallableStatement(2647)                              |  default void registerOutParameter(int parameterIndex, SQLType sqlType,
./java/sql/CallableStatement(2694)                              |  default void registerOutParameter (int parameterIndex, SQLType sqlType,
./java/sql/CallableStatement(2820)                              |  default void registerOutParameter (String parameterName, SQLType sqlType,
./java/sql/Types(320)                                           |  public static final int REF_CURSOR = 2012;
./java/sql/Types(329)                                           |  public static final int TIME_WITH_TIMEZONE = 2013;
./java/sql/Types(338)                                           |  public static final int TIMESTAMP_WITH_TIMEZONE = 2014;
./java/sql/DriverManager(118)                                   |  final static SQLPermission DEREGISTER_DRIVER_PERMISSION =
./java/sql/DriverManager(352)                                   |  public static synchronized void registerDriver(java.sql.Driver driver,
./java/sql/DatabaseMetaData(3670)                               |  default long getMaxLogicalLobSize() throws SQLException {
./java/sql/DatabaseMetaData(3684)                               |  default boolean supportsRefCursors() throws SQLException{
./java/sql/ResultSet(4186)                                      |  default void updateObject(int columnIndex, Object x,
./java/sql/ResultSet(4229)                                      |  default void updateObject(String columnLabel, Object x,
./java/sql/ResultSet(4257)                                      |  default void updateObject(int columnIndex, Object x, SQLType targetSqlType)
./java/sql/ResultSet(4287)                                      |  default void updateObject(String columnLabel, Object x,
./java/sql/BatchUpdateException(431)                            |  public BatchUpdateException(String reason, String SQLState, int vendorCode,
./java/sql/BatchUpdateException(465)                            |  public long[] getLargeUpdateCounts() {
./java/sql/BatchUpdateException(502)                            |  private  long[] longUpdateCounts;
./java/sql/Statement(1091)                                      |  default long getLargeUpdateCount() throws SQLException {
./java/sql/Statement(1114)                                      |  default void setLargeMaxRows(long max) throws SQLException {
./java/sql/Statement(1137)                                      |  default long getLargeMaxRows() throws SQLException {
./java/sql/Statement(1196)                                      |  default long[] executeLargeBatch() throws SQLException {
./java/sql/Statement(1231)                                      |  default long executeLargeUpdate(String sql) throws SQLException {
./java/sql/Statement(1278)                                      |  default long executeLargeUpdate(String sql, int autoGeneratedKeys)
./java/sql/Statement(1323)                                      |  default long executeLargeUpdate(String sql, int columnIndexes[]) throws SQLException {
./java/sql/Statement(1366)                                      |  default long executeLargeUpdate(String sql, String columnNames[])
./java/sql/JDBCType(34)                                         |  public enum JDBCType implements SQLType {
./java/sql/SQLOutput(470)                                       |  default void writeObject(Object x, SQLType targetSqlType) throws SQLException {
./java/sql/SQLInput(456)                                        |  default <T> T readObject(Class<T> type) throws SQLException {
./java/sql/Timestamp(596)                                       |  public static Timestamp from(Instant instant) {
./java/sql/Timestamp(616)                                       |  public Instant toInstant() {
./java/sql/DriverAction(43)                                     |  public interface DriverAction {
./java/sql/DriverAction(64)                                     |  void deregister();
