./java/security/DomainLoadStoreParameter(106)                   |  public final class DomainLoadStoreParameter implements LoadStoreParameter {
./java/security/KeyStore(283)                                   |  public PasswordProtection(char[] password, String protectionAlgorithm,
./java/security/KeyStore(309)                                   |  public String getProtectionAlgorithm() {
./java/security/KeyStore(321)                                   |  public AlgorithmParameterSpec getProtectionParameters() {
./java/security/KeyStore(419)                                   |  public default Set<Attribute> getAttributes() {
./java/security/KeyStore(429)                                   |  public interface Attribute {
./java/security/KeyStore(513)                                   |  public PrivateKeyEntry(PrivateKey privateKey, Certificate[] chain,
./java/security/KeyStore(603)                                   |  public Set<Attribute> getAttributes() {
./java/security/KeyStore(666)                                   |  public SecretKeyEntry(SecretKey secretKey, Set<Attribute> attributes) {
./java/security/KeyStore(694)                                   |  public Set<Attribute> getAttributes() {
./java/security/KeyStore(750)                                   |  public TrustedCertificateEntry(Certificate trustedCert,
./java/security/KeyStore(778)                                   |  public Set<Attribute> getAttributes() {
./java/security/SecureRandom(603)                               |  public static SecureRandom getInstanceStrong()
./java/security/PKCS12Attribute(41)                             |  public final class PKCS12Attribute implements KeyStore.Entry.Attribute {
./java/security/cert/CertPathValidator(340)                     |  public final CertPathChecker getRevocationChecker() {
./java/security/cert/X509CRL(241)                               |  public void verify(PublicKey key, Provider sigProvider)
./java/security/cert/X509Certificate(673)                       |  public void verify(PublicKey key, Provider sigProvider)
./java/security/cert/Certificate(216)                           |  public void verify(PublicKey key, Provider sigProvider)
./java/security/cert/CertPathBuilder(328)                       |  public final CertPathChecker getRevocationChecker() {
./java/security/cert/CertPathBuilderSpi(95)                     |  public CertPathChecker engineGetRevocationChecker() {
./java/security/cert/CertPathChecker(39)                        |  public interface CertPathChecker {
./java/security/cert/CertPathValidatorSpi(105)                  |  public CertPathChecker engineGetRevocationChecker() {
./java/security/Provider(343)                                   |  public synchronized Object putIfAbsent(Object key, Object value) {
./java/security/Provider(419)                                   |  public synchronized boolean replace(Object key, Object oldValue,
./java/security/Provider(474)                                   |  public synchronized void replaceAll(BiFunction<? super Object, ? super Object, ? extends Object> function) {
./java/security/Provider(533)                                   |  public synchronized Object computeIfAbsent(Object key, Function<? super Object, ? extends Object> mappingFunction) {
./java/security/Provider(594)                                   |  public synchronized Object merge(Object key, Object value,  BiFunction<? super Object, ? super Object, ? extends Object>  remappingFunction) {
./java/security/Provider(623)                                   |  public synchronized void forEach(BiConsumer<? super Object, ? super Object> action) {
./java/security/Principal(89)                                   |  public default boolean implies(Subject subject) {
